<?xml version="1.0" encoding="UTF-8"?>
<testsuite xmlns:xsi="http://www.w3.org/2001/XMLSchema-instance" xsi:noNamespaceSchemaLocation="https://maven.apache.org/surefire/maven-surefire-plugin/xsd/surefire-test-report-3.0.xsd" version="3.0" name="com.mkaza.sherlock.TestLogCollecting" time="0.003" tests="6" errors="0" skipped="5" failures="1">
  <properties>
[...]
</properties>
  <testcase name="ProcessNullTest" classname="com.mkaza.sherlock.TestLogCollecting" time="0">
    <skipped/>
  </testcase>
  <testcase name="nullAssertionTest" classname="com.mkaza.sherlock.TestLogCollecting" time="0">
    <failure type="java.lang.AssertionError"><![CDATA[java.lang.AssertionError
	at com.mkaza.sherlock.TestLogCollecting.nullAssertionTest(TestLogCollecting.java:14)
]]></failure>
  </testcase>
  <testcase name="PositiveAssertionTest" classname="com.mkaza.sherlock.TestLogCollecting" time="0">
    <skipped/>
  </testcase>
  <testcase name="ReadFileFromPathTest" classname="com.mkaza.sherlock.TestLogCollecting" time="0">
    <skipped/>
  </testcase>
  <testcase name="BooleanAssertionTest" classname="com.mkaza.sherlock.TestLogCollecting" time="0">
    <skipped/>
  </testcase>
  <testcase name="ReadFileFromStringPathTest" classname="com.mkaza.sherlock.TestLogCollecting" time="0">
    <skipped/>
  </testcase>
</testsuite>